<?xml version="1.0" encoding="UTF-8"?>
<testsuites name="AI Agent Validation Tests" tests="32" failures="17" errors="0" time="40.794">
  <testsuite name="Claude CLI Integration - Critical Issues" errors="0" failures="5" skipped="0" timestamp="2025-07-02T23:17:18" time="15.47" tests="15">
    <testcase classname="Claude CLI Integration - Critical Issues ðŸš¨ Critical Issue: AI Generation Hanging should complete AI generation without hanging (15 minute timeout)" name="Claude CLI Integration - Critical Issues ðŸš¨ Critical Issue: AI Generation Hanging should complete AI generation without hanging (15 minute timeout)" time="0.002">
      <failure>TypeError: (0 , test_environment_1.skipIfNoClaudeCLI) is not a function
    at Object.&lt;anonymous&gt; (/code/personal/claude-testing/tests/validation/ai-agents/connectivity/claude-cli-integration.test.ts:42:30)
    at Promise.then.completed (/code/personal/claude-testing/node_modules/jest-circus/build/utils.js:298:28)
    at new Promise (&lt;anonymous&gt;)
    at callAsyncCircusFn (/code/personal/claude-testing/node_modules/jest-circus/build/utils.js:231:10)
    at _callCircusTest (/code/personal/claude-testing/node_modules/jest-circus/build/run.js:316:40)
    at _runTest (/code/personal/claude-testing/node_modules/jest-circus/build/run.js:252:3)
    at _runTestsForDescribeBlock (/code/personal/claude-testing/node_modules/jest-circus/build/run.js:126:9)
    at _runTestsForDescribeBlock (/code/personal/claude-testing/node_modules/jest-circus/build/run.js:121:9)
    at _runTestsForDescribeBlock (/code/personal/claude-testing/node_modules/jest-circus/build/run.js:121:9)
    at run (/code/personal/claude-testing/node_modules/jest-circus/build/run.js:71:3)
    at runAndTransformResultsToJestFormat (/code/personal/claude-testing/node_modules/jest-circus/build/legacy-code-todo-rewrite/jestAdapterInit.js:122:21)
    at jestAdapter (/code/personal/claude-testing/node_modules/jest-circus/build/legacy-code-todo-rewrite/jestAdapter.js:79:19)
    at runTestInternal (/code/personal/claude-testing/node_modules/jest-runner/build/runTest.js:367:16)
    at runTest (/code/personal/claude-testing/node_modules/jest-runner/build/runTest.js:444:34)</failure>
    </testcase>
    <testcase classname="Claude CLI Integration - Critical Issues ðŸš¨ Critical Issue: AI Generation Hanging should handle empty task list gracefully" name="Claude CLI Integration - Critical Issues ðŸš¨ Critical Issue: AI Generation Hanging should handle empty task list gracefully" time="1.481">
      <failure>AIAuthenticationError: Failed to check Claude CLI authentication: Error: Command failed: claude config get 2&gt;&amp;1
    at ClaudeOrchestrator.processBatch (/code/personal/claude-testing/src/ai/ClaudeOrchestrator.ts:174:13)
    at Object.&lt;anonymous&gt; (/code/personal/claude-testing/tests/validation/ai-agents/connectivity/claude-cli-integration.test.ts:97:22)</failure>
    </testcase>
    <testcase classname="Claude CLI Integration - Critical Issues ðŸš¨ Critical Issue: AI Generation Hanging should handle invalid file paths without hanging" name="Claude CLI Integration - Critical Issues ðŸš¨ Critical Issue: AI Generation Hanging should handle invalid file paths without hanging" time="0.017">
    </testcase>
    <testcase classname="Claude CLI Integration - Critical Issues ðŸš¨ Critical Issue: Model Recognition should recognize sonnet model alias" name="Claude CLI Integration - Critical Issues ðŸš¨ Critical Issue: Model Recognition should recognize sonnet model alias" time="0.005">
    </testcase>
    <testcase classname="Claude CLI Integration - Critical Issues ðŸš¨ Critical Issue: Model Recognition should recognize haiku model alias" name="Claude CLI Integration - Critical Issues ðŸš¨ Critical Issue: Model Recognition should recognize haiku model alias" time="0.004">
    </testcase>
    <testcase classname="Claude CLI Integration - Critical Issues ðŸš¨ Critical Issue: Model Recognition should recognize opus model alias" name="Claude CLI Integration - Critical Issues ðŸš¨ Critical Issue: Model Recognition should recognize opus model alias" time="0.004">
    </testcase>
    <testcase classname="Claude CLI Integration - Critical Issues ðŸš¨ Critical Issue: Model Recognition should use model aliases in cost estimation" name="Claude CLI Integration - Critical Issues ðŸš¨ Critical Issue: Model Recognition should use model aliases in cost estimation" time="0.002">
    </testcase>
    <testcase classname="Claude CLI Integration - Critical Issues ðŸš¨ Critical Issue: Model Recognition should provide accurate cost calculations" name="Claude CLI Integration - Critical Issues ðŸš¨ Critical Issue: Model Recognition should provide accurate cost calculations" time="0.002">
    </testcase>
    <testcase classname="Claude CLI Integration - Critical Issues Claude CLI Availability and Authentication should have Claude CLI available" name="Claude CLI Integration - Critical Issues Claude CLI Availability and Authentication should have Claude CLI available" time="0.002">
      <failure>TypeError: (0 , test_environment_1.skipIfNoClaudeCLI) is not a function
    at Object.&lt;anonymous&gt; (/code/personal/claude-testing/tests/validation/ai-agents/connectivity/claude-cli-integration.test.ts:185:30)
    at Promise.then.completed (/code/personal/claude-testing/node_modules/jest-circus/build/utils.js:298:28)
    at new Promise (&lt;anonymous&gt;)
    at callAsyncCircusFn (/code/personal/claude-testing/node_modules/jest-circus/build/utils.js:231:10)
    at _callCircusTest (/code/personal/claude-testing/node_modules/jest-circus/build/run.js:316:40)
    at _runTest (/code/personal/claude-testing/node_modules/jest-circus/build/run.js:252:3)
    at _runTestsForDescribeBlock (/code/personal/claude-testing/node_modules/jest-circus/build/run.js:126:9)
    at _runTestsForDescribeBlock (/code/personal/claude-testing/node_modules/jest-circus/build/run.js:121:9)
    at _runTestsForDescribeBlock (/code/personal/claude-testing/node_modules/jest-circus/build/run.js:121:9)
    at run (/code/personal/claude-testing/node_modules/jest-circus/build/run.js:71:3)
    at runAndTransformResultsToJestFormat (/code/personal/claude-testing/node_modules/jest-circus/build/legacy-code-todo-rewrite/jestAdapterInit.js:122:21)
    at jestAdapter (/code/personal/claude-testing/node_modules/jest-circus/build/legacy-code-todo-rewrite/jestAdapter.js:79:19)
    at runTestInternal (/code/personal/claude-testing/node_modules/jest-runner/build/runTest.js:367:16)
    at runTest (/code/personal/claude-testing/node_modules/jest-runner/build/runTest.js:444:34)</failure>
    </testcase>
    <testcase classname="Claude CLI Integration - Critical Issues Claude CLI Availability and Authentication should have valid Claude CLI configuration" name="Claude CLI Integration - Critical Issues Claude CLI Availability and Authentication should have valid Claude CLI configuration" time="0.015">
      <failure>TypeError: (0 , test_environment_1.skipIfNoClaudeCLI) is not a function
    at Object.&lt;anonymous&gt; (/code/personal/claude-testing/tests/validation/ai-agents/connectivity/claude-cli-integration.test.ts:196:30)
    at Promise.then.completed (/code/personal/claude-testing/node_modules/jest-circus/build/utils.js:298:28)
    at new Promise (&lt;anonymous&gt;)
    at callAsyncCircusFn (/code/personal/claude-testing/node_modules/jest-circus/build/utils.js:231:10)
    at _callCircusTest (/code/personal/claude-testing/node_modules/jest-circus/build/run.js:316:40)
    at _runTest (/code/personal/claude-testing/node_modules/jest-circus/build/run.js:252:3)
    at _runTestsForDescribeBlock (/code/personal/claude-testing/node_modules/jest-circus/build/run.js:126:9)
    at _runTestsForDescribeBlock (/code/personal/claude-testing/node_modules/jest-circus/build/run.js:121:9)
    at _runTestsForDescribeBlock (/code/personal/claude-testing/node_modules/jest-circus/build/run.js:121:9)
    at run (/code/personal/claude-testing/node_modules/jest-circus/build/run.js:71:3)
    at runAndTransformResultsToJestFormat (/code/personal/claude-testing/node_modules/jest-circus/build/legacy-code-todo-rewrite/jestAdapterInit.js:122:21)
    at jestAdapter (/code/personal/claude-testing/node_modules/jest-circus/build/legacy-code-todo-rewrite/jestAdapter.js:79:19)
    at runTestInternal (/code/personal/claude-testing/node_modules/jest-runner/build/runTest.js:367:16)
    at runTest (/code/personal/claude-testing/node_modules/jest-runner/build/runTest.js:444:34)</failure>
    </testcase>
    <testcase classname="Claude CLI Integration - Critical Issues Claude CLI Availability and Authentication should be able to make test API call" name="Claude CLI Integration - Critical Issues Claude CLI Availability and Authentication should be able to make test API call" time="0.024">
    </testcase>
    <testcase classname="Claude CLI Integration - Critical Issues Timeout Handling should respect custom timeout configurations" name="Claude CLI Integration - Critical Issues Timeout Handling should respect custom timeout configurations" time="5.003">
    </testcase>
    <testcase classname="Claude CLI Integration - Critical Issues Timeout Handling should handle process termination gracefully" name="Claude CLI Integration - Critical Issues Timeout Handling should handle process termination gracefully" time="2.322">
      <failure>Error: expect(received).toBe(expected) // Object.is equality

Expected: &quot;AbortError&quot;
Received: &quot;AIAuthenticationError&quot;
    at Object.&lt;anonymous&gt; (/code/personal/claude-testing/tests/validation/ai-agents/connectivity/claude-cli-integration.test.ts:257:39)</failure>
    </testcase>
    <testcase classname="Claude CLI Integration - Critical Issues Error Recovery should handle API rate limiting gracefully" name="Claude CLI Integration - Critical Issues Error Recovery should handle API rate limiting gracefully" time="0.001">
    </testcase>
    <testcase classname="Claude CLI Integration - Critical Issues Error Recovery should handle network interruptions" name="Claude CLI Integration - Critical Issues Error Recovery should handle network interruptions" time="0.001">
    </testcase>
  </testsuite>
  <testsuite name="Test Quality Validation - Critical Issues" errors="0" failures="8" skipped="0" timestamp="2025-07-02T23:17:33" time="2.322" tests="10">
    <testcase classname="Test Quality Validation - Critical Issues ðŸš¨ Critical Issue: Generated Test Quality should generate meaningful assertions, not just TODOs" name="Test Quality Validation - Critical Issues ðŸš¨ Critical Issue: Generated Test Quality should generate meaningful assertions, not just TODOs" time="0.136">
      <failure>Error: expect(received).toBeGreaterThan(expected)

Expected: &gt; 1
Received:   0
    at Object.&lt;anonymous&gt; (/code/personal/claude-testing/tests/validation/ai-agents/generation-quality/test-quality-validation.test.ts:78:37)</failure>
    </testcase>
    <testcase classname="Test Quality Validation - Critical Issues ðŸš¨ Critical Issue: Generated Test Quality should generate comprehensive tests for React components" name="Test Quality Validation - Critical Issues ðŸš¨ Critical Issue: Generated Test Quality should generate comprehensive tests for React components" time="0.055">
    </testcase>
    <testcase classname="Test Quality Validation - Critical Issues ðŸš¨ Critical Issue: Generated Test Quality should generate tests with proper import paths for ES modules" name="Test Quality Validation - Critical Issues ðŸš¨ Critical Issue: Generated Test Quality should generate tests with proper import paths for ES modules" time="0.046">
      <failure>Error: expect(received).toBeDefined()

Received: undefined
    at Object.&lt;anonymous&gt; (/code/personal/claude-testing/tests/validation/ai-agents/generation-quality/test-quality-validation.test.ts:101:29)</failure>
    </testcase>
    <testcase classname="Test Quality Validation - Critical Issues ðŸš¨ Critical Issue: Generated Test Quality should generate executable tests without syntax errors" name="Test Quality Validation - Critical Issues ðŸš¨ Critical Issue: Generated Test Quality should generate executable tests without syntax errors" time="0.067">
      <failure>Error: expect(received).toBeDefined()

Received: undefined
    at Object.&lt;anonymous&gt; (/code/personal/claude-testing/tests/validation/ai-agents/generation-quality/test-quality-validation.test.ts:119:29)</failure>
    </testcase>
    <testcase classname="Test Quality Validation - Critical Issues Test Content Analysis should prefer meaningful assertions over existence checks" name="Test Quality Validation - Critical Issues Test Content Analysis should prefer meaningful assertions over existence checks" time="0.061">
      <failure>Error: expect(received).toBeDefined()

Received: undefined
    at Object.&lt;anonymous&gt; (/code/personal/claude-testing/tests/validation/ai-agents/generation-quality/test-quality-validation.test.ts:148:29)</failure>
    </testcase>
    <testcase classname="Test Quality Validation - Critical Issues Test Content Analysis should include edge case testing for functions" name="Test Quality Validation - Critical Issues Test Content Analysis should include edge case testing for functions" time="0.056">
      <failure>Error: expect(received).toBeDefined()

Received: undefined
    at Object.&lt;anonymous&gt; (/code/personal/claude-testing/tests/validation/ai-agents/generation-quality/test-quality-validation.test.ts:176:29)</failure>
    </testcase>
    <testcase classname="Test Quality Validation - Critical Issues Test Content Analysis should validate test structure and organization" name="Test Quality Validation - Critical Issues Test Content Analysis should validate test structure and organization" time="0.073">
      <failure>Error: expect(received).toBeDefined()

Received: undefined
    at Object.&lt;anonymous&gt; (/code/personal/claude-testing/tests/validation/ai-agents/generation-quality/test-quality-validation.test.ts:190:29)</failure>
    </testcase>
    <testcase classname="Test Quality Validation - Critical Issues Template Engine Quality should generate appropriate templates for different file types" name="Test Quality Validation - Critical Issues Template Engine Quality should generate appropriate templates for different file types" time="0.002">
      <failure>Error: expect(received).toContain(expected) // indexOf

Expected substring: &quot;@testing-library/react&quot;
Received string:    &quot;// Basic React component test without external dependencies
const App = require(&apos;./App.jsx&apos;);Â·
describe(&apos;App&apos;, () =&gt; {
  it(&apos;should be defined&apos;, () =&gt; {
    expect(App).toBeDefined();
  });Â·
  it(&apos;should be a function or object&apos;, () =&gt; {
    expect(typeof App).toMatch(/^(function|object)$/);
  });Â·
  it(&apos;should not throw when accessed&apos;, () =&gt; {
    expect(() =&gt; {
      const comp = App;
      return comp;
    }).not.toThrow();
  });Â·
  it(&apos;should have expected component properties&apos;, () =&gt; {
    if (typeof App === &apos;function&apos;) {
      // Test function component properties
      expect(App.name || App.displayName).toBeTruthy();
      expect(App.length).toBeDefined();
    } else if (typeof App === &apos;object&apos;) {
      // Test class component or object
      expect(Object.keys(App)).toEqual(expect.any(Array));
    }
  });Â·
  it(&apos;should be a valid React component structure&apos;, () =&gt; {
    // Basic structural tests
    if (typeof App === &apos;function&apos;) {
      // Function component
      expect(App).toBeInstanceOf(Function);
    } else if (typeof App === &apos;object&apos; &amp;&amp; App !== null) {
      // Class component or React component object
      expect(App).toBeInstanceOf(Object);
    }
  });
});
&quot;
    at Object.&lt;anonymous&gt; (/code/personal/claude-testing/tests/validation/ai-agents/generation-quality/test-quality-validation.test.ts:247:29)
    at Promise.then.completed (/code/personal/claude-testing/node_modules/jest-circus/build/utils.js:298:28)
    at new Promise (&lt;anonymous&gt;)
    at callAsyncCircusFn (/code/personal/claude-testing/node_modules/jest-circus/build/utils.js:231:10)
    at _callCircusTest (/code/personal/claude-testing/node_modules/jest-circus/build/run.js:316:40)
    at _runTest (/code/personal/claude-testing/node_modules/jest-circus/build/run.js:252:3)
    at _runTestsForDescribeBlock (/code/personal/claude-testing/node_modules/jest-circus/build/run.js:126:9)
    at _runTestsForDescribeBlock (/code/personal/claude-testing/node_modules/jest-circus/build/run.js:121:9)
    at _runTestsForDescribeBlock (/code/personal/claude-testing/node_modules/jest-circus/build/run.js:121:9)
    at run (/code/personal/claude-testing/node_modules/jest-circus/build/run.js:71:3)
    at runAndTransformResultsToJestFormat (/code/personal/claude-testing/node_modules/jest-circus/build/legacy-code-todo-rewrite/jestAdapterInit.js:122:21)
    at jestAdapter (/code/personal/claude-testing/node_modules/jest-circus/build/legacy-code-todo-rewrite/jestAdapter.js:79:19)
    at runTestInternal (/code/personal/claude-testing/node_modules/jest-runner/build/runTest.js:367:16)
    at runTest (/code/personal/claude-testing/node_modules/jest-runner/build/runTest.js:444:34)</failure>
    </testcase>
    <testcase classname="Test Quality Validation - Critical Issues Template Engine Quality should handle complex export patterns" name="Test Quality Validation - Critical Issues Template Engine Quality should handle complex export patterns" time="0.002">
      <failure>Error: expect(received).toBeGreaterThan(expected)

Expected: &gt; 3
Received:   0
    at Object.&lt;anonymous&gt; (/code/personal/claude-testing/tests/validation/ai-agents/generation-quality/test-quality-validation.test.ts:281:29)
    at Promise.then.completed (/code/personal/claude-testing/node_modules/jest-circus/build/utils.js:298:28)
    at new Promise (&lt;anonymous&gt;)
    at callAsyncCircusFn (/code/personal/claude-testing/node_modules/jest-circus/build/utils.js:231:10)
    at _callCircusTest (/code/personal/claude-testing/node_modules/jest-circus/build/run.js:316:40)
    at _runTest (/code/personal/claude-testing/node_modules/jest-circus/build/run.js:252:3)
    at _runTestsForDescribeBlock (/code/personal/claude-testing/node_modules/jest-circus/build/run.js:126:9)
    at _runTestsForDescribeBlock (/code/personal/claude-testing/node_modules/jest-circus/build/run.js:121:9)
    at _runTestsForDescribeBlock (/code/personal/claude-testing/node_modules/jest-circus/build/run.js:121:9)
    at run (/code/personal/claude-testing/node_modules/jest-circus/build/run.js:71:3)
    at runAndTransformResultsToJestFormat (/code/personal/claude-testing/node_modules/jest-circus/build/legacy-code-todo-rewrite/jestAdapterInit.js:122:21)
    at jestAdapter (/code/personal/claude-testing/node_modules/jest-circus/build/legacy-code-todo-rewrite/jestAdapter.js:79:19)
    at runTestInternal (/code/personal/claude-testing/node_modules/jest-runner/build/runTest.js:367:16)
    at runTest (/code/personal/claude-testing/node_modules/jest-runner/build/runTest.js:444:34)</failure>
    </testcase>
    <testcase classname="Test Quality Validation - Critical Issues Production Quality Standards should meet minimum quality thresholds for production" name="Test Quality Validation - Critical Issues Production Quality Standards should meet minimum quality thresholds for production" time="0.054">
    </testcase>
  </testsuite>
  <testsuite name="Production Readiness Validation - End-to-End" errors="0" failures="4" skipped="0" timestamp="2025-07-02T23:17:36" time="22.655" tests="7">
    <testcase classname="Production Readiness Validation - End-to-End ðŸŽ¯ Complete Workflow Validation should complete full analyze â†’ test â†’ run workflow" name="Production Readiness Validation - End-to-End ðŸŽ¯ Complete Workflow Validation should complete full analyze â†’ test â†’ run workflow" time="4.147">
      <failure>Error: expect(received).toBe(expected) // Object.is equality

Expected: true
Received: false
    at Object.&lt;anonymous&gt; (/code/personal/claude-testing/tests/validation/ai-agents/end-to-end/production-readiness.test.ts:46:52)
    at processTicksAndRejections (node:internal/process/task_queues:105:5)</failure>
    </testcase>
    <testcase classname="Production Readiness Validation - End-to-End ðŸŽ¯ Complete Workflow Validation should generate executable tests without manual fixes" name="Production Readiness Validation - End-to-End ðŸŽ¯ Complete Workflow Validation should generate executable tests without manual fixes" time="0.872">
      <failure>Error: ENOENT: no such file or directory, scandir &apos;/code/personal/claude-testing/tests/fixtures/validation-projects/react-es-modules/.claude-testing/tests&apos;
    at readdirRecursive (node:internal/fs/promises:870:7)
    at Object.&lt;anonymous&gt; (/code/personal/claude-testing/tests/validation/ai-agents/end-to-end/production-readiness.test.ts:70:25)</failure>
    </testcase>
    <testcase classname="Production Readiness Validation - End-to-End ðŸš¨ Critical Issues Resolution Validation should verify AI generation no longer hangs" name="Production Readiness Validation - End-to-End ðŸš¨ Critical Issues Resolution Validation should verify AI generation no longer hangs" time="4.383">
    </testcase>
    <testcase classname="Production Readiness Validation - End-to-End ðŸš¨ Critical Issues Resolution Validation should verify model recognition works for all aliases" name="Production Readiness Validation - End-to-End ðŸš¨ Critical Issues Resolution Validation should verify model recognition works for all aliases" time="2.171">
    </testcase>
    <testcase classname="Production Readiness Validation - End-to-End ðŸš¨ Critical Issues Resolution Validation should verify import path issues are resolved" name="Production Readiness Validation - End-to-End ðŸš¨ Critical Issues Resolution Validation should verify import path issues are resolved" time="0.706">
      <failure>Error: ENOENT: no such file or directory, scandir &apos;/code/personal/claude-testing/tests/fixtures/validation-projects/react-es-modules/.claude-testing/tests&apos;
    at readdirRecursive (node:internal/fs/promises:870:7)
    at Object.&lt;anonymous&gt; (/code/personal/claude-testing/tests/validation/ai-agents/end-to-end/production-readiness.test.ts:166:25)</failure>
    </testcase>
    <testcase classname="Production Readiness Validation - End-to-End ðŸ“Š Production Quality Metrics should meet production readiness criteria" name="Production Readiness Validation - End-to-End ðŸ“Š Production Quality Metrics should meet production readiness criteria" time="7.42">
      <failure>Error: expect(received).toBeGreaterThan(expected)

Expected: &gt; 0.7
Received:   0
    at Object.&lt;anonymous&gt; (/code/personal/claude-testing/tests/validation/ai-agents/end-to-end/production-readiness.test.ts:210:40)
    at processTicksAndRejections (node:internal/process/task_queues:105:5)</failure>
    </testcase>
    <testcase classname="Production Readiness Validation - End-to-End ðŸ”„ Regression Prevention should prevent regression of resolved issues" name="Production Readiness Validation - End-to-End ðŸ”„ Regression Prevention should prevent regression of resolved issues" time="2.146">
    </testcase>
  </testsuite>
</testsuites>